  application.cpp
  element.cpp
  SFUI.cpp
C:\Program Files\Microsoft Visual Studio\2022\Community\VC\Tools\MSVC\14.35.32215\include\utility(538,19): error C2338: static_assert failed: 'tuple index out of bounds'
C:\Program Files\Microsoft Visual Studio\2022\Community\VC\Tools\MSVC\14.35.32215\include\utility(550): message : see reference to class template instantiation 'std::tuple_element<0,std::tuple<>>' being compiled
C:\Program Files\Microsoft Visual Studio\2022\Community\VC\Tools\MSVC\14.35.32215\include\utility(550): message : see reference to class template instantiation 'std::tuple_element<1,std::tuple<float>>' being compiled
C:\Users\Dan\Documents\GitHub\SFUI\src\element.h(48,27): message : see reference to class template instantiation 'std::tuple_element<2,std::tuple<float,float>>' being compiled
C:\Users\Dan\Documents\GitHub\SFUI\src\element.h(48,52): message : see reference to alias template instantiation 'std::tuple_element_t<2,std::tuple<float,float>>' being compiled
C:\Users\Dan\Documents\GitHub\SFUI\src\element.h(59,6): message : see reference to alias template instantiation 'sfui::Element::check_nth_param<2,int,float,float>' being compiled
C:\Users\Dan\Documents\GitHub\SFUI\src\control.h(241,1): message : see reference to function template instantiation 'std::function<void (float,float)> sfui::Element::get_function<float,float>(const std::string &)' being compiled
C:\Users\Dan\Documents\GitHub\SFUI\src\control.h(239,2): message : while compiling class template member function 'void sfui::Control<float,float>::bind(sfui::Element &,const std::string &)'
C:\Users\Dan\Documents\GitHub\SFUI\src\SFUI.cpp(59,15): message : see reference to function template instantiation 'void sfui::Control<float,float>::bind(sfui::Element &,const std::string &)' being compiled
C:\Users\Dan\Documents\GitHub\SFUI\src\SFUI.cpp(24,62): message : see reference to class template instantiation 'sfui::Control<float,float>' being compiled
C:\Program Files\Microsoft Visual Studio\2022\Community\VC\Tools\MSVC\14.35.32215\include\utility(518,65): error C2794: 'type': is not a member of any direct or indirect base class of 'std::tuple_element<2,std::tuple<float,float>>'
C:\Users\Dan\Documents\GitHub\SFUI\src\element.h(48,27): error C2938: 'std::tuple_element_t' : Failed to specialize alias template
C:\Users\Dan\Documents\GitHub\SFUI\src\element.h(52): error C2062: type 'unknown-type' unexpected
C:\Users\Dan\Documents\GitHub\SFUI\src\element.h(59,44): error C2039: 'value': is not a member of '`global namespace''
C:\Users\Dan\Documents\GitHub\SFUI\src\element.h(52): error C2143: syntax error: missing ';' before '{'
C:\Users\Dan\Documents\GitHub\SFUI\src\element.h(52): error C2181: illegal else without matching if
C:\Users\Dan\Documents\GitHub\SFUI\src\element.h(62,26): error C2440: 'return': cannot convert from 'sfui::Element::get_function::<lambda_1>' to 'std::function<void (float,float)>'
C:\Users\Dan\Documents\GitHub\SFUI\src\element.h(62,26): message : No user-defined-conversion operator available that can perform this conversion, or the operator cannot be called
C:\Program Files\Microsoft Visual Studio\2022\Community\VC\Tools\MSVC\14.35.32215\include\utility(518,65): error C2794: 'type': is not a member of any direct or indirect base class of 'std::tuple_element<2,std::tuple<sf::Color,float>>'
C:\Users\Dan\Documents\GitHub\SFUI\src\element.h(48,52): message : see reference to alias template instantiation 'std::tuple_element_t<2,std::tuple<sf::Color,float>>' being compiled
C:\Users\Dan\Documents\GitHub\SFUI\src\element.h(59,6): message : see reference to alias template instantiation 'sfui::Element::check_nth_param<2,int,sf::Color,float>' being compiled
C:\Users\Dan\Documents\GitHub\SFUI\src\element.h(39): message : see reference to function template instantiation 'std::function<void (sf::Color,float)> sfui::Element::get_function<sf::Color,float>(const std::string &)' being compiled
C:\Users\Dan\Documents\GitHub\SFUI\src\SFUI.cpp(57,31): message : see reference to function template instantiation 'void sfui::Element::call<sf::Color,float>(const std::string &,sf::Color,float)' being compiled
C:\Users\Dan\Documents\GitHub\SFUI\src\element.h(64,4): error C2059: syntax error: 'else'
C:\Users\Dan\Documents\GitHub\SFUI\src\element.h(72,4): error C2059: syntax error: '}'
C:\Users\Dan\Documents\GitHub\SFUI\src\element.h(80,5): error C2059: syntax error: 'if'
C:\Users\Dan\Documents\GitHub\SFUI\src\element.h(81,4): error C2059: syntax error: '}'
C:\Users\Dan\Documents\GitHub\SFUI\src\element.h(89,4): error C2059: syntax error: '}'
C:\Users\Dan\Documents\GitHub\SFUI\src\element.h(96,4): error C2059: syntax error: '}'
C:\Users\Dan\Documents\GitHub\SFUI\src\element.h(102,4): error C2059: syntax error: 'return'
C:\Users\Dan\Documents\GitHub\SFUI\src\element.h(103,3): error C2059: syntax error: '}'
C:\Program Files\Microsoft Visual Studio\2022\Community\VC\Tools\MSVC\14.35.32215\include\xlocale(419,56): error C2065: '_Facet': undeclared identifier
C:\Program Files\Microsoft Visual Studio\2022\Community\VC\Tools\MSVC\14.35.32215\include\xlocale(419,46): error C2923: 'std::_Facetptr': '_Facet' is not a valid template type argument for parameter '_Facet'
C:\Program Files\Microsoft Visual Studio\2022\Community\VC\Tools\MSVC\14.35.32215\include\xlocale(419,56): message : see declaration of '_Facet'
C:\Program Files\Microsoft Visual Studio\2022\Community\VC\Tools\MSVC\14.35.32215\include\xlocale(419,46): error C2653: '_Facetptr': is not a class or namespace name
  window_manager.cpp
  window.cpp
